<?xml version="1.0" encoding="UTF-8"?>
<!-- Generated by org.testng.reporters.JUnitXMLReporter -->
<testsuite ignored="0" hostname="MacBook-Pro.local" failures="0" tests="3" name="Default test" time="49.362" errors="0" timestamp="21 Jun 2022 08:50:34 GMT">
  <testcase classname="loop.Loop_Register" name="Register" time="13.121"/>
  <testcase classname="loop.Loop_Register" name="Register" time="12.039"/>
  <testcase classname="loop.Loop_Register" name="Register" time="14.902"/>
</testsuite> <!-- Default test -->
