<?xml version="1.0" encoding="UTF-8"?>
<!-- Generated by org.testng.reporters.JUnitXMLReporter -->
<testsuite ignored="0" hostname="MacBook-Pro.local" failures="0" tests="2" name="Default test" time="36.199" errors="0" timestamp="30 Mar 2022 16:45:17 GMT">
  <testcase classname="webdriver.Topic_04_Xpath_Part_III" name="TC_05_Create_A_New_Account" time="26.538"/>
  <testcase classname="webdriver.Topic_04_Xpath_Part_III" name="TC_06_Login_With_Valid_Email_And_Password" time="4.396"/>
</testsuite> <!-- Default test -->
