<?xml version="1.0" encoding="UTF-8"?>
<!-- Generated by org.testng.reporters.JUnitXMLReporter -->
<testsuite ignored="0" hostname="MacBook-Pro.local" failures="0" tests="10" name="Test" time="0.084" errors="0" timestamp="20 Jun 2022 04:01:05 GMT">
  <testcase classname="admin.Admin_01_Manage_Product" name="Product_01_Create" time="0.01"/>
  <testcase classname="admin.Admin_01_Manage_Product" name="Product_02_Edit" time="0.001"/>
  <testcase classname="admin.Admin_01_Manage_Product" name="Product_03_View" time="0.001"/>
  <testcase classname="admin.Admin_01_Manage_Product" name="Product_04_Delete" time="0.001"/>
  <testcase classname="admin.Admin_01_Manage_Product" name="Product_05_Duplicate" time="0.001"/>
  <testcase classname="buyer.Buyer_01_Order_Product" name="Buyer_Add_To_Cart" time="0.003"/>
  <testcase classname="buyer.Buyer_01_Order_Product" name="Buyer_Checkout" time="0.002"/>
  <testcase classname="buyer.Buyer_01_Order_Product" name="Buyer_Choose_Payment_Method" time="0.001"/>
  <testcase classname="buyer.Buyer_01_Order_Product" name="Buyer_Search_Product" time="0.001"/>
  <testcase classname="admin.Admin_02_Manage_Category" name="Category_01_Create" time="0.001"/>
</testsuite> <!-- Test -->
