<?xml version="1.0" encoding="UTF-8"?>
<testng-results ignored="0" total="2" passed="2" failed="0" skipped="0">
  <reporter-output>
  </reporter-output>
  <suite started-at="2022-03-30T16:44:41Z" name="Default suite" finished-at="2022-03-30T16:45:17Z" duration-ms="36199">
    <groups>
    </groups>
    <test started-at="2022-03-30T16:44:41Z" name="Default test" finished-at="2022-03-30T16:45:17Z" duration-ms="36199">
      <class name="webdriver.Topic_04_Xpath_Part_III">
        <test-method is-config="true" signature="Get_The_Stage()[pri:0, instance:webdriver.Topic_04_Xpath_Part_III@66498326]" started-at="2022-03-30T16:44:41Z" name="Get_The_Stage" finished-at="2022-03-30T16:44:45Z" duration-ms="4361" status="PASS">
          <reporter-output>
          </reporter-output>
        </test-method> <!-- Get_The_Stage -->
        <test-method signature="TC_05_Create_A_New_Account()[pri:0, instance:webdriver.Topic_04_Xpath_Part_III@66498326]" started-at="2022-03-30T16:44:45Z" name="TC_05_Create_A_New_Account" finished-at="2022-03-30T16:45:12Z" duration-ms="26538" status="PASS">
          <reporter-output>
          </reporter-output>
        </test-method> <!-- TC_05_Create_A_New_Account -->
        <test-method signature="TC_06_Login_With_Valid_Email_And_Password()[pri:0, instance:webdriver.Topic_04_Xpath_Part_III@66498326]" started-at="2022-03-30T16:45:12Z" name="TC_06_Login_With_Valid_Email_And_Password" finished-at="2022-03-30T16:45:16Z" duration-ms="4396" status="PASS">
          <reporter-output>
          </reporter-output>
        </test-method> <!-- TC_06_Login_With_Valid_Email_And_Password -->
        <test-method is-config="true" signature="afterClass()[pri:0, instance:webdriver.Topic_04_Xpath_Part_III@66498326]" started-at="2022-03-30T16:45:16Z" name="afterClass" finished-at="2022-03-30T16:45:17Z" duration-ms="879" status="PASS">
          <reporter-output>
          </reporter-output>
        </test-method> <!-- afterClass -->
      </class> <!-- webdriver.Topic_04_Xpath_Part_III -->
    </test> <!-- Default test -->
  </suite> <!-- Default suite -->
</testng-results>
